<?xml version="1.0" encoding="UTF-8"?>
<testsuites>
  <testsuite name="/Users/lancetuller/projects/weathermapNG/phpunit.xml" tests="28" assertions="106" errors="0" failures="0" skipped="4" time="0.043840">
    <testsuite name="All Tests" tests="28" assertions="106" errors="0" failures="0" skipped="4" time="0.043840">
      <testsuite name="DocsPathsTest" file="/Users/lancetuller/projects/weathermapNG/tests/DocsPathsTest.php" tests="2" assertions="25" errors="0" failures="0" skipped="0" time="0.004067">
        <testcase name="testDocsUseV2Paths" file="/Users/lancetuller/projects/weathermapNG/tests/DocsPathsTest.php" line="15" class="DocsPathsTest" classname="DocsPathsTest" assertions="15" time="0.002711"/>
        <testcase name="testTemplatesPreferV2Paths" file="/Users/lancetuller/projects/weathermapNG/tests/DocsPathsTest.php" line="25" class="DocsPathsTest" classname="DocsPathsTest" assertions="10" time="0.001356"/>
      </testsuite>
      <testsuite name="LibreNMS\Plugins\WeathermapNG\Tests\InstallationTest" file="/Users/lancetuller/projects/weathermapNG/tests/InstallationTest.php" tests="5" assertions="18" errors="0" failures="0" skipped="0" time="0.000882">
        <testcase name="testPluginCanBeInstantiated" file="/Users/lancetuller/projects/weathermapNG/tests/InstallationTest.php" line="10" class="LibreNMS\Plugins\WeathermapNG\Tests\InstallationTest" classname="LibreNMS.Plugins.WeathermapNG.Tests.InstallationTest" assertions="1" time="0.000285"/>
        <testcase name="testPluginHasRequiredMethods" file="/Users/lancetuller/projects/weathermapNG/tests/InstallationTest.php" line="16" class="LibreNMS\Plugins\WeathermapNG\Tests\InstallationTest" classname="LibreNMS.Plugins.WeathermapNG.Tests.InstallationTest" assertions="5" time="0.000088"/>
        <testcase name="testPluginInfoIsCorrect" file="/Users/lancetuller/projects/weathermapNG/tests/InstallationTest.php" line="27" class="LibreNMS\Plugins\WeathermapNG\Tests\InstallationTest" classname="LibreNMS.Plugins.WeathermapNG.Tests.InstallationTest" assertions="4" time="0.000115"/>
        <testcase name="testRequirementsCheckMethodExists" file="/Users/lancetuller/projects/weathermapNG/tests/InstallationTest.php" line="38" class="LibreNMS\Plugins\WeathermapNG\Tests\InstallationTest" classname="LibreNMS.Plugins.WeathermapNG.Tests.InstallationTest" assertions="3" time="0.000171"/>
        <testcase name="testDefaultConfigStructure" file="/Users/lancetuller/projects/weathermapNG/tests/InstallationTest.php" line="53" class="LibreNMS\Plugins\WeathermapNG\Tests\InstallationTest" classname="LibreNMS.Plugins.WeathermapNG.Tests.InstallationTest" assertions="5" time="0.000222"/>
      </testsuite>
      <testsuite name="LibMapTest" file="/Users/lancetuller/projects/weathermapNG/tests/LibMapTest.php" tests="2" assertions="0" errors="0" failures="0" skipped="2" time="0.000257">
        <testcase name="test_map_model_basic_functionality" file="/Users/lancetuller/projects/weathermapNG/tests/LibMapTest.php" line="15" class="LibMapTest" classname="LibMapTest" assertions="0" time="0.000210">
          <skipped/>
        </testcase>
        <testcase name="test_map_to_json_model_structure" file="/Users/lancetuller/projects/weathermapNG/tests/LibMapTest.php" line="36" class="LibMapTest" classname="LibMapTest" assertions="0" time="0.000048">
          <skipped/>
        </testcase>
      </testsuite>
      <testsuite name="LinkUtilizationTest" file="/Users/lancetuller/projects/weathermapNG/tests/LinkUtilizationTest.php" tests="2" assertions="6" errors="0" failures="0" skipped="0" time="0.031477">
        <testcase name="test_link_utilization_calculation" file="/Users/lancetuller/projects/weathermapNG/tests/LinkUtilizationTest.php" line="8" class="LinkUtilizationTest" classname="LinkUtilizationTest" assertions="2" time="0.016940"/>
        <testcase name="test_link_utilization_with_no_ports" file="/Users/lancetuller/projects/weathermapNG/tests/LinkUtilizationTest.php" line="26" class="LinkUtilizationTest" classname="LinkUtilizationTest" assertions="4" time="0.014537"/>
      </testsuite>
      <testsuite name="NodeDataTest" file="/Users/lancetuller/projects/weathermapNG/tests/NodeDataTest.php" tests="2" assertions="0" errors="0" failures="0" skipped="2" time="0.000125">
        <testcase name="test_node_model_attributes" file="/Users/lancetuller/projects/weathermapNG/tests/NodeDataTest.php" line="8" class="NodeDataTest" classname="NodeDataTest" assertions="0" time="0.000076">
          <skipped/>
        </testcase>
        <testcase name="test_node_status_without_device" file="/Users/lancetuller/projects/weathermapNG/tests/NodeDataTest.php" line="33" class="NodeDataTest" classname="NodeDataTest" assertions="0" time="0.000049">
          <skipped/>
        </testcase>
      </testsuite>
      <testsuite name="RoutesSmokeTest" file="/Users/lancetuller/projects/weathermapNG/tests/RoutesSmokeTest.php" tests="2" assertions="22" errors="0" failures="0" skipped="0" time="0.001570">
        <testcase name="testControllersExist" file="/Users/lancetuller/projects/weathermapNG/tests/RoutesSmokeTest.php" line="7" class="RoutesSmokeTest" classname="RoutesSmokeTest" assertions="3" time="0.001082"/>
        <testcase name="testRoutesFileContainsExpectedPaths" file="/Users/lancetuller/projects/weathermapNG/tests/RoutesSmokeTest.php" line="14" class="RoutesSmokeTest" classname="RoutesSmokeTest" assertions="19" time="0.000488"/>
      </testsuite>
      <testsuite name="InstallFunctionsTest" file="/Users/lancetuller/projects/weathermapNG/tests/unit/InstallFunctionsTest.php" tests="13" assertions="35" errors="0" failures="0" skipped="0" time="0.005462">
        <testcase name="testPHPVersionCheck" file="/Users/lancetuller/projects/weathermapNG/tests/unit/InstallFunctionsTest.php" line="39" class="InstallFunctionsTest" classname="InstallFunctionsTest" assertions="1" time="0.000794"/>
        <testcase name="testRequiredExtensions" file="/Users/lancetuller/projects/weathermapNG/tests/unit/InstallFunctionsTest.php" line="47" class="InstallFunctionsTest" classname="InstallFunctionsTest" assertions="4" time="0.000244"/>
        <testcase name="testConfigFileCreation" file="/Users/lancetuller/projects/weathermapNG/tests/unit/InstallFunctionsTest.php" line="59" class="InstallFunctionsTest" classname="InstallFunctionsTest" assertions="5" time="0.000638"/>
        <testcase name="testOutputDirectoryCreation" file="/Users/lancetuller/projects/weathermapNG/tests/unit/InstallFunctionsTest.php" line="90" class="InstallFunctionsTest" classname="InstallFunctionsTest" assertions="3" time="0.000318"/>
        <testcase name="testPermissionSetting" file="/Users/lancetuller/projects/weathermapNG/tests/unit/InstallFunctionsTest.php" line="103" class="InstallFunctionsTest" classname="InstallFunctionsTest" assertions="2" time="0.000337"/>
        <testcase name="testDockerDetection" file="/Users/lancetuller/projects/weathermapNG/tests/unit/InstallFunctionsTest.php" line="121" class="InstallFunctionsTest" classname="InstallFunctionsTest" assertions="2" time="0.000206"/>
        <testcase name="testLibreNMSPathDetection" file="/Users/lancetuller/projects/weathermapNG/tests/unit/InstallFunctionsTest.php" line="135" class="InstallFunctionsTest" classname="InstallFunctionsTest" assertions="2" time="0.000714"/>
        <testcase name="testComposerFileValidation" file="/Users/lancetuller/projects/weathermapNG/tests/unit/InstallFunctionsTest.php" line="155" class="InstallFunctionsTest" classname="InstallFunctionsTest" assertions="3" time="0.000440"/>
        <testcase name="testLogFileCreation" file="/Users/lancetuller/projects/weathermapNG/tests/unit/InstallFunctionsTest.php" line="179" class="InstallFunctionsTest" classname="InstallFunctionsTest" assertions="3" time="0.000350"/>
        <testcase name="testPluginJsonStructure" file="/Users/lancetuller/projects/weathermapNG/tests/unit/InstallFunctionsTest.php" line="200" class="InstallFunctionsTest" classname="InstallFunctionsTest" assertions="4" time="0.000403"/>
        <testcase name="testRequiredFilesExistence" file="/Users/lancetuller/projects/weathermapNG/tests/unit/InstallFunctionsTest.php" line="227" class="InstallFunctionsTest" classname="InstallFunctionsTest" assertions="4" time="0.000458"/>
        <testcase name="testEnvironmentVariables" file="/Users/lancetuller/projects/weathermapNG/tests/unit/InstallFunctionsTest.php" line="246" class="InstallFunctionsTest" classname="InstallFunctionsTest" assertions="1" time="0.000204"/>
        <testcase name="testScriptExecutability" file="/Users/lancetuller/projects/weathermapNG/tests/unit/InstallFunctionsTest.php" line="258" class="InstallFunctionsTest" classname="InstallFunctionsTest" assertions="1" time="0.000355"/>
      </testsuite>
    </testsuite>
  </testsuite>
</testsuites>
